<?xml version="1.0" encoding="UTF-8"?>
<!-- Generated by org.testng.reporters.JUnitReportReporter -->
<testsuite hostname="DESKTOP-L5TSS0V" failures="0" tests="2" name="advanceSelenium.TC_DWS_008" time="113.531" errors="0" timestamp="2023-12-28T18:05:14 IST" skipped="0">
  <testcase classname="advanceSelenium.TC_DWS_008" name="toCheckTricentissPage" time="51.061"/>
  <system-out>
    <![CDATA[TstCase 008 got executed Successfully]]>
  </system-out>
  <testcase classname="advanceSelenium.TC_DWS_008" name="toCheckTricentissPage" time="62.470"/>
  <system-out>
    <![CDATA[TstCase 008 got executed Successfully]]>
  </system-out>
</testsuite> <!-- advanceSelenium.TC_DWS_008 -->
