<?xml version="1.0" encoding="UTF-8"?>
<!-- Generated by org.testng.reporters.JUnitReportReporter -->
<testsuite hostname="DESKTOP-L5TSS0V" failures="0" tests="1" name="Cars.ToLunchBMW" time="9.251" errors="0" timestamp="2023-12-27T11:33:31 IST" skipped="0">
  <testcase classname="Cars.ToLunchBMW" name="bmw" time="9.251"/>
  <system-out>
    <![CDATA[Ferrari got executed]]>
  </system-out>
</testsuite> <!-- Cars.ToLunchBMW -->
