<?xml version="1.0" encoding="UTF-8"?>
<!-- Generated by org.testng.reporters.JUnitReportReporter -->
<testsuite hostname="DESKTOP-L5TSS0V" failures="0" tests="3" name="advanceSelenium.ToLearnDependsonMethod" time="0.019" errors="0" timestamp="2023-12-25T19:31:28 GMT-08:00" skipped="0">
  <testcase classname="advanceSelenium.ToLearnDependsonMethod" name="editAccount" time="0.002"/>
  <system-out>
    <![CDATA[Account edited Successfully]]>
  </system-out>
  <testcase classname="advanceSelenium.ToLearnDependsonMethod" name="createAccount" time="0.013"/>
  <system-out>
    <![CDATA[Account created Successfully]]>
  </system-out>
  <testcase classname="advanceSelenium.ToLearnDependsonMethod" name="deleteAccount" time="0.004"/>
  <system-out>
    <![CDATA[Account Deleted Successfully]]>
  </system-out>
</testsuite> <!-- advanceSelenium.ToLearnDependsonMethod -->
