<?xml version="1.0" encoding="UTF-8"?>
<!-- Generated by org.testng.reporters.JUnitReportReporter -->
<testsuite hostname="DESKTOP-L5TSS0V" failures="0" tests="2" name="advanceSelenium.TC_DWS_009" time="116.598" errors="0" timestamp="2023-12-28T18:05:15 IST" skipped="0">
  <testcase classname="advanceSelenium.TC_DWS_009" name="toCheckShoppingcartPage" time="51.928"/>
  <system-out>
    <![CDATA[TstCase 009 got executed Successfully]]>
  </system-out>
  <testcase classname="advanceSelenium.TC_DWS_009" name="toCheckShoppingcartPage" time="64.670"/>
  <system-out>
    <![CDATA[TstCase 009 got executed Successfully]]>
  </system-out>
</testsuite> <!-- advanceSelenium.TC_DWS_009 -->
