<?xml version="1.0" encoding="UTF-8"?>
<!-- Generated by org.testng.reporters.JUnitReportReporter -->
<testsuite hostname="DESKTOP-L5TSS0V" failures="0" tests="1" name="Cars.ToLunchThar" time="29.521" errors="0" timestamp="2023-12-26T09:02:20 GMT-08:00" skipped="0">
  <testcase classname="Cars.ToLunchThar" name="Thar" time="29.521"/>
  <system-out>
    <![CDATA[Thar got executed]]>
  </system-out>
</testsuite> <!-- Cars.ToLunchThar -->
