<?xml version="1.0" encoding="UTF-8"?>
<!-- Generated by org.testng.reporters.JUnitReportReporter -->
<testsuite hostname="DESKTOP-L5TSS0V" failures="0" tests="1" name="advanceSelenium.ConfigurationAnnotations" time="0.008" errors="0" timestamp="2023-12-27T09:13:26 IST" skipped="0">
  <testcase classname="advanceSelenium.ConfigurationAnnotations" name="test" time="0.008"/>
  <system-out>
    <![CDATA[Test Got executed]]>
  </system-out>
</testsuite> <!-- advanceSelenium.ConfigurationAnnotations -->
