<?xml version="1.0" encoding="UTF-8"?>
<!-- Generated by org.testng.reporters.JUnitReportReporter -->
<testsuite hostname="DESKTOP-L5TSS0V" failures="0" tests="2" name="advanceSelenium.TC_DWS_001" time="54.994" errors="0" timestamp="2023-12-28T18:05:15 IST" skipped="0">
  <testcase classname="advanceSelenium.TC_DWS_001" name="toCheckBooksPage" time="31.925"/>
  <system-out>
    <![CDATA[TstCase 001 got executed Successfully]]>
  </system-out>
  <testcase classname="advanceSelenium.TC_DWS_001" name="toCheckBooksPage" time="23.069"/>
  <system-out>
    <![CDATA[TstCase 001 got executed Successfully]]>
  </system-out>
</testsuite> <!-- advanceSelenium.TC_DWS_001 -->
