<?xml version="1.0" encoding="UTF-8"?>
<!-- Generated by org.testng.reporters.JUnitReportReporter -->
<testsuite hostname="DESKTOP-L5TSS0V" failures="0" tests="1" name="Cars.TolunchSupra" time="13.491" errors="0" timestamp="2023-12-26T09:02:20 GMT-08:00" skipped="0">
  <testcase classname="Cars.TolunchSupra" name="supra" time="13.491"/>
  <system-out>
    <![CDATA[Cricbuzz got executed]]>
  </system-out>
</testsuite> <!-- Cars.TolunchSupra -->
