<?xml version="1.0" encoding="UTF-8"?>
<!-- Generated by org.testng.reporters.JUnitReportReporter -->
<testsuite hostname="DESKTOP-L5TSS0V" failures="0" tests="5" name="advanceSelenium.ToLearnTextNg" time="254.188" errors="0" timestamp="2024-06-24T09:05:20 IST" skipped="1">
  <testcase classname="advanceSelenium.ToLearnTextNg" name="baskinRobbins" time="63.028"/>
  <system-out>
    <![CDATA[BaskinRobbins got executed]]>
  </system-out>
  <testcase classname="advanceSelenium.ToLearnTextNg" name="baskinRobbins" time="53.561"/>
  <system-out>
    <![CDATA[BaskinRobbins got executed]]>
  </system-out>
  <testcase classname="advanceSelenium.ToLearnTextNg" name="amazon" time="118.352"/>
  <system-out>
    <![CDATA[Amazon got executed]]>
  </system-out>
  <testcase classname="advanceSelenium.ToLearnTextNg" name="amazon" time="19.247"/>
  <system-out>
    <![CDATA[Amazon got executed]]>
  </system-out>
  <testcase classname="advanceSelenium.ToLearnTextNg" name="cricbuzz">
    <skipped/>
  </testcase> <!-- cricbuzz -->
  <system-out/>
</testsuite> <!-- advanceSelenium.ToLearnTextNg -->
