<?xml version="1.0" encoding="UTF-8"?>
<!-- Generated by org.testng.reporters.JUnitReportReporter -->
<testsuite hostname="DESKTOP-L5TSS0V" failures="0" tests="5" name="advanceSelenium.ToLearnTextNg" time="65.744" errors="0" timestamp="2023-12-24T20:27:25 GMT-08:00" skipped="0">
  <testcase classname="advanceSelenium.ToLearnTextNg" name="baskinRobbins" time="10.353"/>
  <system-out>
    <![CDATA[BaskinRobbins got executed]]>
  </system-out>
  <testcase classname="advanceSelenium.ToLearnTextNg" name="baskinRobbins" time="23.384"/>
  <system-out>
    <![CDATA[BaskinRobbins got executed]]>
  </system-out>
  <testcase classname="advanceSelenium.ToLearnTextNg" name="cricbuzz" time="14.949"/>
  <system-out>
    <![CDATA[Cricbuzz got executed]]>
  </system-out>
  <testcase classname="advanceSelenium.ToLearnTextNg" name="amazon" time="8.997"/>
  <system-out>
    <![CDATA[Amazon got executed]]>
  </system-out>
  <testcase classname="advanceSelenium.ToLearnTextNg" name="amazon" time="8.061"/>
  <system-out>
    <![CDATA[Amazon got executed]]>
  </system-out>
</testsuite> <!-- advanceSelenium.ToLearnTextNg -->
