<?xml version="1.0" encoding="UTF-8"?>
<!-- Generated by org.testng.reporters.JUnitReportReporter -->
<testsuite hostname="DESKTOP-L5TSS0V" failures="0" tests="2" name="advanceSelenium.TC_DWS_005" time="58.548" errors="0" timestamp="2023-12-28T18:05:15 IST" skipped="0">
  <testcase classname="advanceSelenium.TC_DWS_005" name="toCheckDigitaldownloadsPage" time="26.958"/>
  <system-out>
    <![CDATA[TstCase 005 got executed Successfully]]>
  </system-out>
  <testcase classname="advanceSelenium.TC_DWS_005" name="toCheckDigitaldownloadsPage" time="31.590"/>
  <system-out>
    <![CDATA[TstCase 005 got executed Successfully]]>
  </system-out>
</testsuite> <!-- advanceSelenium.TC_DWS_005 -->
