<?xml version="1.0" encoding="UTF-8"?>
<!-- Generated by org.testng.reporters.JUnitReportReporter -->
<testsuite hostname="DESKTOP-L5TSS0V" failures="0" tests="5" name="advanceSelenium.ToLearnTextNg" time="71.088" errors="0" timestamp="2023-12-25T19:16:08 GMT-08:00" skipped="1">
  <testcase classname="advanceSelenium.ToLearnTextNg" name="baskinRobbins" time="42.363"/>
  <system-out>
    <![CDATA[BaskinRobbins got executed]]>
  </system-out>
  <testcase classname="advanceSelenium.ToLearnTextNg" name="baskinRobbins" time="12.096"/>
  <system-out>
    <![CDATA[BaskinRobbins got executed]]>
  </system-out>
  <testcase classname="advanceSelenium.ToLearnTextNg" name="amazon" time="7.312"/>
  <system-out>
    <![CDATA[Amazon got executed]]>
  </system-out>
  <testcase classname="advanceSelenium.ToLearnTextNg" name="amazon" time="9.317"/>
  <system-out>
    <![CDATA[Amazon got executed]]>
  </system-out>
  <testcase classname="advanceSelenium.ToLearnTextNg" name="cricbuzz">
    <skipped/>
  </testcase> <!-- cricbuzz -->
  <system-out/>
</testsuite> <!-- advanceSelenium.ToLearnTextNg -->
