<?xml version="1.0" encoding="UTF-8"?>
<!-- Generated by org.testng.reporters.JUnitReportReporter -->
<testsuite hostname="DESKTOP-L5TSS0V" failures="0" tests="1" name="advanceSelenium.TC_DWS_001" time="22.236" errors="0" timestamp="2024-06-24T10:05:11 IST" skipped="0">
  <testcase classname="advanceSelenium.TC_DWS_001" name="toCheckBooksPage" time="22.236"/>
  <system-out>
    <![CDATA[TestCase 001 got executed Successfully]]>
  </system-out>
</testsuite> <!-- advanceSelenium.TC_DWS_001 -->
