<?xml version="1.0" encoding="UTF-8"?>
<!-- Generated by org.testng.reporters.JUnitReportReporter -->
<testsuite hostname="DESKTOP-L5TSS0V" failures="0" tests="3" name="advanceSelenium.ToLearnDataProvider" time="83.166" errors="0" timestamp="2023-12-28T08:47:51 IST" skipped="0">
  <testcase classname="advanceSelenium.ToLearnDataProvider" name="toLogin" time="20.196"/>
  <system-out/>
  <testcase classname="advanceSelenium.ToLearnDataProvider" name="toLogin" time="42.447"/>
  <system-out/>
  <testcase classname="advanceSelenium.ToLearnDataProvider" name="toLogin" time="20.523"/>
  <system-out/>
</testsuite> <!-- advanceSelenium.ToLearnDataProvider -->
