<?xml version="1.0" encoding="UTF-8"?>
<!-- Generated by org.testng.reporters.JUnitReportReporter -->
<testsuite hostname="DESKTOP-L5TSS0V" failures="0" tests="1" name="Cars.Mastang" time="12.581" errors="0" timestamp="2023-12-26T09:02:20 GMT-08:00" skipped="0">
  <testcase classname="Cars.Mastang" name="mastangGT" time="12.581"/>
  <system-out>
    <![CDATA[Mastang GT got executed]]>
  </system-out>
</testsuite> <!-- Cars.Mastang -->
